SF:lib/src/features/products/data/fake_products_repository.dart
DA:7,2
DA:11,1
DA:12,1
DA:15,1
DA:16,2
DA:19,1
DA:20,2
DA:21,2
DA:24,2
DA:25,4
DA:26,2
DA:29,1
DA:30,4
DA:33,1
DA:35,4
DA:42,6
DA:44,0
DA:47,4
DA:48,3
DA:49,2
DA:50,1
DA:53,0
DA:54,0
DA:55,0
DA:56,0
DA:59,0
DA:60,0
DA:61,0
DA:62,0
LF:29
LH:20
end_of_record
SF:lib/src/features/products/domain/product.dart
DA:6,14
DA:27,1
DA:29,9
DA:32,2
DA:36,0
DA:37,0
DA:38,0
DA:39,0
DA:40,0
DA:41,0
DA:42,0
DA:43,0
DA:44,0
DA:47,2
DA:49,6
DA:50,6
DA:51,6
DA:52,6
DA:53,6
DA:54,6
DA:55,6
DA:56,4
LF:22
LH:13
end_of_record
SF:lib/src/utils/delay.dart
DA:1,3
DA:3,0
DA:5,3
LF:3
LH:2
end_of_record
SF:lib/src/features/authentication/data/fake_auth_repository.dart
DA:7,3
DA:11,9
DA:12,6
DA:14,2
DA:15,4
DA:16,2
DA:19,1
DA:21,2
DA:22,1
DA:25,3
DA:26,6
DA:29,6
DA:31,2
DA:32,6
DA:33,6
DA:39,16
DA:40,1
DA:41,3
DA:45,12
DA:46,6
DA:47,3
LF:21
LH:21
end_of_record
SF:lib/src/features/authentication/domain/app_user.dart
DA:3,5
DA:10,1
DA:14,7
DA:17,1
DA:18,5
DA:20,1
DA:21,3
LF:7
LH:7
end_of_record
SF:lib/src/features/cart/application/cart_sync_service.dart
DA:16,1
DA:17,1
DA:20,1
DA:21,3
DA:22,1
DA:23,1
DA:24,1
DA:26,2
DA:33,1
DA:35,3
DA:36,1
DA:37,2
DA:39,3
DA:40,1
DA:41,1
DA:43,1
DA:45,1
DA:47,1
DA:51,1
DA:54,3
DA:55,1
DA:56,1
DA:59,3
DA:60,1
DA:61,1
DA:64,2
DA:65,4
DA:68,1
DA:70,2
DA:74,1
DA:76,2
DA:83,4
DA:84,1
LF:33
LH:33
end_of_record
SF:lib/src/features/cart/data/local/local_cart_repository.dart
DA:13,10
DA:15,1
LF:2
LH:2
end_of_record
SF:lib/src/features/cart/data/remote/remote_cart_repository.dart
DA:14,10
DA:16,1
LF:2
LH:2
end_of_record
SF:lib/src/features/cart/domain/cart.dart
DA:11,35
DA:18,0
DA:19,0
DA:20,0
DA:24,0
DA:25,0
DA:26,0
DA:30,0
DA:32,0
DA:34,0
DA:35,0
DA:37,2
DA:41,6
DA:44,0
DA:45,0
DA:49,0
DA:52,0
DA:53,0
DA:54,0
DA:55,0
DA:57,0
LF:21
LH:3
end_of_record
SF:lib/src/features/cart/application/cart_service.dart
DA:16,1
DA:20,1
DA:21,4
DA:23,5
DA:25,4
DA:31,1
DA:32,4
DA:34,5
DA:36,4
DA:42,1
DA:43,1
DA:44,1
DA:45,1
DA:50,1
DA:51,1
DA:52,1
DA:53,1
DA:58,1
DA:59,1
DA:60,1
DA:61,1
DA:65,4
DA:66,1
DA:71,9
DA:72,1
DA:73,3
DA:75,4
DA:77,2
DA:82,4
DA:83,3
DA:84,4
DA:85,1
DA:89,4
DA:92,3
DA:93,3
DA:94,3
DA:96,3
DA:98,5
DA:99,4
DA:107,4
DA:108,1
DA:109,3
DA:112,3
DA:114,3
DA:116,1
LF:45
LH:45
end_of_record
SF:lib/src/features/cart/domain/item.dart
DA:6,11
DA:13,1
DA:17,6
DA:20,0
DA:21,0
LF:5
LH:3
end_of_record
SF:lib/src/features/cart/domain/mutable_cart.dart
DA:8,2
DA:9,4
DA:10,6
DA:11,2
DA:15,2
DA:16,4
DA:19,2
DA:20,2
DA:22,6
DA:24,2
DA:26,2
DA:31,2
DA:32,4
DA:33,4
DA:34,2
DA:35,2
DA:37,6
DA:39,4
DA:42,2
DA:46,2
DA:47,4
DA:48,2
DA:49,2
LF:23
LH:23
end_of_record
SF:lib/src/utils/in_memory_store.dart
DA:6,6
DA:12,9
DA:15,6
DA:18,9
DA:21,6
LF:5
LH:5
end_of_record
SF:lib/src/features/cart/data/remote/fake_remote_cart_repository.dart
DA:7,1
DA:15,0
DA:17,0
DA:20,1
DA:22,5
DA:25,0
DA:27,0
DA:29,0
DA:31,0
DA:33,0
LF:10
LH:3
end_of_record
SF:lib/src/features/cart/presentation/add_to_cart/add_to_cart_controller.dart
DA:9,2
DA:11,1
DA:12,2
DA:15,1
DA:16,3
DA:17,3
DA:18,1
DA:19,3
DA:21,1
DA:22,4
DA:24,1
DA:29,0
DA:30,0
DA:31,0
DA:32,0
LF:15
LH:11
end_of_record
SF:lib/src/common_widgets/alert_dialogs.dart
DA:11,3
DA:18,3
DA:19,3
DA:22,6
DA:23,3
DA:24,2
DA:25,3
DA:27,2
DA:28,2
DA:29,3
DA:31,3
DA:33,3
DA:34,6
DA:40,0
DA:43,0
DA:44,0
DA:45,0
DA:46,0
DA:48,0
DA:49,0
DA:50,0
DA:52,0
DA:54,0
DA:55,0
DA:63,2
DA:68,2
DA:71,2
DA:72,2
DA:75,0
DA:76,0
DA:78,0
LF:31
LH:17
end_of_record
SF:lib/src/common_widgets/custom_text_button.dart
DA:6,2
DA:12,2
DA:14,2
DA:16,2
DA:17,2
DA:18,2
DA:19,2
DA:20,2
LF:8
LH:8
end_of_record
SF:lib/src/common_widgets/primary_button.dart
DA:11,2
DA:16,2
DA:18,2
DA:20,2
DA:21,2
DA:22,2
DA:24,2
DA:25,2
DA:27,2
DA:28,2
DA:29,2
DA:30,2
LF:12
LH:12
end_of_record
SF:lib/src/features/authentication/presentation/account/account_screen.dart
DA:14,10
DA:16,2
DA:18,2
DA:19,2
DA:20,4
DA:22,4
DA:23,2
DA:24,2
DA:25,2
DA:27,4
DA:28,2
DA:29,2
DA:30,2
DA:31,2
DA:33,2
DA:34,2
DA:36,2
DA:37,2
DA:38,2
DA:40,2
DA:42,6
DA:43,2
DA:59,6
DA:61,2
DA:63,6
DA:64,6
DA:65,2
DA:66,2
DA:67,2
DA:68,2
DA:69,2
DA:73,2
DA:74,2
DA:75,2
DA:80,2
DA:81,2
DA:82,2
DA:83,2
DA:86,2
DA:87,2
DA:88,2
DA:95,2
DA:96,2
DA:97,2
DA:98,2
DA:99,2
DA:104,2
DA:105,2
LF:48
LH:48
end_of_record
SF:lib/src/features/authentication/presentation/sign_in/email_password_sign_in_screen.dart
DA:18,6
DA:25,1
DA:27,1
DA:28,3
DA:29,1
DA:30,1
DA:40,2
DA:49,2
DA:51,2
DA:61,6
DA:62,6
DA:70,2
DA:73,4
DA:74,4
DA:75,4
DA:76,2
DA:79,2
DA:80,6
DA:82,6
DA:83,4
DA:84,10
DA:85,6
DA:87,5
DA:92,0
DA:93,0
DA:94,0
DA:98,0
DA:99,0
DA:100,0
DA:103,0
DA:106,1
DA:108,1
DA:109,6
DA:110,1
DA:112,2
DA:115,2
DA:117,4
DA:118,8
DA:119,6
DA:120,4
DA:123,12
DA:124,2
DA:125,2
DA:126,2
DA:127,2
DA:128,2
DA:129,2
DA:131,2
DA:134,2
DA:136,2
DA:137,2
DA:138,2
DA:139,2
DA:140,2
DA:143,2
DA:144,4
DA:149,0
DA:150,2
DA:151,2
DA:152,2
DA:157,2
DA:159,2
DA:160,2
DA:161,2
DA:162,2
DA:165,4
DA:167,2
DA:172,0
DA:175,2
DA:176,2
DA:177,2
DA:178,6
DA:181,2
DA:182,2
DA:183,2
DA:185,3
LF:76
LH:67
end_of_record
SF:lib/src/features/authentication/presentation/sign_in/email_password_sign_in_state.dart
DA:20,3
DA:28,6
DA:30,3
DA:34,3
DA:35,3
DA:36,2
DA:40,1
DA:42,3
DA:44,1
DA:48,1
DA:49,3
DA:50,3
DA:53,1
DA:54,5
DA:58,2
DA:59,4
DA:60,1
DA:62,2
DA:67,2
DA:68,4
DA:69,1
DA:71,2
DA:75,2
DA:76,4
DA:77,1
DA:79,2
DA:83,1
DA:84,2
DA:91,0
DA:92,0
DA:93,0
DA:95,0
DA:99,0
DA:100,0
DA:101,0
DA:103,0
DA:107,2
DA:108,4
DA:111,2
DA:112,4
DA:113,0
DA:115,4
DA:118,2
DA:119,2
DA:120,2
DA:121,1
DA:122,2
DA:126,2
DA:127,2
DA:128,2
DA:129,1
DA:130,2
LF:52
LH:43
end_of_record
SF:lib/src/features/products/presentation/home_app_bar/more_menu_button.dart
DA:14,0
DA:22,0
DA:24,0
DA:27,0
DA:29,0
DA:30,0
DA:31,0
DA:34,0
DA:36,0
DA:39,0
DA:42,0
DA:43,0
DA:46,0
DA:50,0
DA:53,0
DA:54,0
DA:56,0
DA:57,0
DA:59,0
DA:60,0
LF:20
LH:0
end_of_record
SF:lib/src/app.dart
DA:7,2
DA:9,1
DA:11,2
DA:12,1
DA:16,2
DA:17,1
DA:24,1
DA:25,1
LF:8
LH:8
end_of_record
SF:lib/src/features/products/presentation/products_list/product_card.dart
DA:12,1
DA:19,1
DA:22,5
DA:23,1
DA:24,1
DA:26,1
DA:27,1
DA:29,1
DA:31,1
DA:32,3
DA:36,6
DA:37,4
DA:39,2
DA:41,1
DA:42,1
DA:43,3
DA:44,1
DA:45,1
DA:46,3
DA:47,0
DA:48,4
DA:49,3
LF:22
LH:21
end_of_record
SF:lib/src/localization/string_hardcoded.dart
DA:4,3
LF:1
LH:1
end_of_record
SF:lib/src/routing/app_router.dart
DA:28,4
DA:29,2
DA:30,1
DA:33,1
DA:34,1
DA:36,2
DA:40,4
DA:46,2
DA:47,1
DA:48,1
DA:50,1
DA:51,1
DA:52,1
DA:53,1
DA:55,1
DA:56,0
DA:57,0
DA:58,0
DA:60,1
DA:61,1
DA:63,1
DA:64,0
DA:65,0
DA:66,0
DA:68,0
DA:74,1
DA:76,1
DA:77,0
DA:81,1
DA:82,1
DA:84,1
DA:85,0
DA:92,1
DA:94,1
DA:95,0
DA:100,1
DA:102,1
DA:103,1
DA:108,1
DA:110,1
DA:111,1
DA:121,0
LF:42
LH:31
end_of_record
SF:lib/src/common_widgets/action_text_button.dart
DA:6,2
DA:9,2
DA:11,2
DA:13,2
DA:14,2
DA:15,4
DA:16,2
DA:17,2
DA:18,2
DA:19,2
LF:10
LH:10
end_of_record
SF:lib/src/common_widgets/async_value_widget.dart
DA:6,1
DA:10,1
DA:12,2
DA:13,1
DA:14,0
DA:15,1
LF:6
LH:5
end_of_record
SF:lib/src/common_widgets/error_message_widget.dart
DA:4,0
DA:6,0
DA:8,0
DA:9,0
DA:10,0
LF:5
LH:0
end_of_record
SF:lib/src/common_widgets/custom_image.dart
DA:5,1
DA:8,1
DA:11,2
LF:3
LH:3
end_of_record
SF:lib/src/common_widgets/decorated_box_with_shadow.dart
DA:7,0
DA:10,0
DA:12,0
DA:23,0
DA:25,0
LF:5
LH:0
end_of_record
SF:lib/src/common_widgets/empty_placeholder_widget.dart
DA:10,0
DA:13,0
DA:15,0
DA:17,0
DA:18,0
DA:21,0
DA:22,0
DA:23,0
DA:24,0
DA:28,0
DA:29,0
DA:30,0
LF:12
LH:0
end_of_record
SF:lib/src/common_widgets/item_quantity_selector.dart
DA:6,0
DA:19,0
DA:20,0
DA:21,0
DA:22,0
DA:23,0
DA:24,0
DA:26,0
DA:28,0
DA:29,0
DA:30,0
DA:36,0
DA:39,0
DA:40,0
DA:41,0
DA:43,0
DA:44,0
DA:47,0
DA:49,0
DA:50,0
DA:51,0
DA:53,0
DA:56,0
DA:57,0
DA:59,0
DA:60,0
LF:26
LH:0
end_of_record
SF:lib/src/common_widgets/responsive_center.dart
DA:10,8
DA:20,3
DA:23,3
DA:27,3
DA:28,3
DA:29,3
DA:30,3
DA:31,3
DA:40,6
DA:49,1
DA:51,1
DA:52,1
DA:53,1
DA:54,1
DA:55,1
LF:15
LH:15
end_of_record
SF:lib/src/common_widgets/responsive_scrollable_card.dart
DA:9,2
DA:11,2
DA:13,2
DA:14,2
DA:16,2
DA:18,2
DA:19,2
DA:21,2
LF:8
LH:8
end_of_record
SF:lib/src/common_widgets/responsive_two_column_layout.dart
DA:7,0
DA:31,0
DA:33,0
DA:34,0
DA:35,0
DA:36,0
DA:37,0
DA:38,0
DA:39,0
DA:40,0
DA:41,0
DA:45,0
DA:46,0
DA:47,0
DA:48,0
DA:49,0
DA:50,0
DA:51,0
LF:18
LH:0
end_of_record
SF:lib/src/common_widgets/shimmer_loading_cart_items_list.dart
DA:8,12
DA:12,0
DA:14,0
DA:16,0
DA:18,0
DA:19,0
DA:20,0
DA:21,0
DA:22,0
DA:24,0
DA:25,0
DA:26,0
DA:27,0
LF:13
LH:1
end_of_record
SF:lib/src/features/authentication/presentation/account/account_screen_controller.dart
DA:5,3
DA:6,3
DA:9,3
DA:10,3
DA:11,15
DA:15,6
DA:16,2
DA:17,4
DA:18,2
LF:9
LH:9
end_of_record
SF:lib/src/utils/async_value_ui.dart
DA:7,3
DA:8,6
DA:9,2
DA:11,2
DA:12,2
LF:5
LH:5
end_of_record
SF:lib/src/features/authentication/presentation/sign_in/email_password_sign_in_controller.dart
DA:7,3
DA:10,6
DA:13,3
DA:14,9
DA:15,9
DA:16,9
DA:17,6
DA:20,3
DA:21,6
DA:22,3
DA:23,6
DA:24,1
DA:25,2
DA:29,2
DA:30,6
DA:34,4
DA:35,2
DA:36,4
DA:37,4
DA:38,2
LF:20
LH:20
end_of_record
SF:lib/src/features/authentication/presentation/sign_in/string_validators.dart
DA:10,3
DA:13,2
DA:17,4
DA:18,2
DA:19,4
DA:20,10
DA:27,0
DA:34,2
DA:37,2
DA:40,6
DA:41,6
DA:50,4
DA:54,6
DA:58,2
DA:60,2
DA:65,3
DA:68,0
DA:70,0
LF:18
LH:15
end_of_record
SF:lib/src/features/cart/presentation/add_to_cart/add_to_cart_widget.dart
DA:18,0
DA:21,0
DA:23,0
DA:24,0
DA:25,0
DA:27,0
DA:28,0
DA:29,0
DA:31,0
DA:32,0
DA:35,0
DA:36,0
DA:37,0
DA:38,0
DA:41,0
DA:43,0
DA:45,0
DA:46,0
DA:47,0
DA:54,0
DA:55,0
DA:57,0
DA:58,0
DA:59,0
DA:60,0
DA:62,0
DA:63,0
DA:64,0
DA:66,0
DA:68,0
DA:69,0
DA:70,0
LF:32
LH:0
end_of_record
SF:lib/src/features/cart/presentation/cart_total/cart_total_text.dart
DA:8,6
DA:10,0
DA:12,0
DA:14,0
DA:15,0
DA:16,0
DA:17,0
LF:7
LH:1
end_of_record
SF:lib/src/utils/currency_formatter.dart
DA:4,4
DA:8,1
LF:2
LH:2
end_of_record
SF:lib/src/features/cart/presentation/cart_total/cart_total_with_cta.dart
DA:7,0
DA:10,0
DA:12,0
DA:14,0
DA:17,0
LF:5
LH:0
end_of_record
SF:lib/src/features/cart/presentation/shopping_cart/shopping_cart_item.dart
DA:21,0
DA:35,0
DA:37,0
DA:38,0
DA:39,0
DA:41,0
DA:42,0
DA:44,0
DA:46,0
DA:47,0
DA:48,0
DA:53,0
DA:54,0
DA:61,0
DA:74,0
DA:76,0
DA:79,0
DA:80,0
DA:84,0
DA:86,0
DA:88,0
DA:89,0
DA:91,0
DA:92,0
DA:94,0
DA:96,0
DA:97,0
DA:98,0
DA:99,0
DA:102,0
DA:104,0
DA:105,0
DA:116,0
DA:127,0
DA:129,0
DA:131,0
DA:132,0
DA:134,0
DA:135,0
DA:136,0
DA:137,0
DA:138,0
DA:139,0
DA:141,0
DA:142,0
DA:143,0
DA:145,0
DA:146,0
DA:147,0
DA:148,0
DA:150,0
DA:151,0
DA:152,0
LF:53
LH:0
end_of_record
SF:lib/src/features/cart/presentation/shopping_cart/shopping_cart_screen_controller.dart
DA:9,0
DA:10,0
DA:12,0
DA:13,0
DA:14,0
DA:15,0
DA:18,0
DA:19,0
DA:20,0
DA:24,0
DA:25,0
DA:26,0
DA:27,0
DA:28,0
LF:14
LH:0
end_of_record
SF:lib/src/features/cart/presentation/shopping_cart/shopping_cart_items_builder.dart
DA:13,0
DA:23,0
DA:26,0
DA:27,0
DA:28,0
DA:34,0
DA:37,0
DA:38,0
DA:40,0
DA:41,0
DA:42,0
DA:45,0
DA:47,0
DA:48,0
DA:49,0
DA:51,0
DA:55,0
DA:58,0
DA:60,0
DA:69,0
DA:70,0
DA:71,0
DA:72,0
DA:74,0
DA:75,0
DA:76,0
DA:78,0
DA:81,0
DA:82,0
LF:29
LH:0
end_of_record
SF:lib/src/features/cart/presentation/shopping_cart/shopping_cart_screen.dart
DA:19,6
DA:21,0
DA:23,0
DA:24,0
DA:25,0
DA:27,0
DA:28,0
DA:29,0
DA:30,0
DA:32,0
DA:33,0
DA:34,0
DA:35,0
DA:37,0
DA:38,0
DA:39,0
DA:43,0
DA:44,0
DA:45,0
DA:46,0
LF:20
LH:1
end_of_record
SF:lib/src/features/checkout/presentation/checkout_screen/checkout_screen.dart
DA:20,6
DA:22,0
DA:23,0
DA:31,0
DA:33,0
DA:34,0
DA:37,0
DA:38,0
DA:40,0
DA:41,0
DA:47,0
DA:50,0
DA:51,0
DA:52,0
DA:56,0
DA:57,0
DA:58,0
DA:61,0
DA:62,0
DA:63,0
DA:65,0
LF:21
LH:1
end_of_record
SF:lib/src/features/checkout/presentation/payment/payment_page.dart
DA:10,6
DA:12,0
DA:31,0
DA:33,0
DA:38,0
LF:5
LH:1
end_of_record
SF:lib/src/features/checkout/presentation/payment/payment_button.dart
DA:8,6
DA:10,0
DA:12,0
DA:15,0
DA:19,0
DA:20,0
DA:22,0
LF:7
LH:1
end_of_record
SF:lib/src/features/orders/domain/order.dart
DA:8,0
DA:9,0
DA:10,0
DA:11,0
DA:12,0
DA:21,0
LF:6
LH:0
end_of_record
SF:lib/src/features/orders/domain/purchase.dart
DA:6,0
LF:1
LH:0
end_of_record
SF:lib/src/features/orders/presentation/orders_list/order_card.dart
DA:14,0
DA:17,0
DA:19,0
DA:21,0
DA:22,0
DA:25,0
DA:26,0
DA:27,0
DA:29,0
DA:40,0
DA:43,0
DA:46,0
DA:48,0
DA:49,0
DA:50,0
DA:52,0
DA:53,0
DA:54,0
DA:56,0
DA:57,0
DA:59,0
DA:60,0
DA:61,0
DA:62,0
DA:65,0
DA:68,0
DA:70,0
DA:71,0
DA:72,0
DA:74,0
DA:77,0
DA:90,0
DA:93,0
DA:95,0
DA:97,0
DA:98,0
DA:100,0
DA:102,0
DA:103,0
DA:104,0
LF:40
LH:0
end_of_record
SF:lib/src/features/orders/presentation/orders_list/order_item_list_tile.dart
DA:16,0
DA:19,0
DA:21,0
DA:22,0
DA:23,0
DA:25,0
DA:26,0
DA:27,0
DA:29,0
DA:32,0
DA:34,0
DA:36,0
DA:37,0
DA:39,0
DA:40,0
DA:41,0
DA:49,0
DA:50,0
LF:18
LH:0
end_of_record
SF:lib/src/features/orders/presentation/orders_list/order_status_label.dart
DA:7,0
DA:10,0
DA:12,0
DA:13,0
DA:14,0
DA:15,0
DA:16,0
DA:19,0
DA:20,0
DA:21,0
DA:24,0
DA:25,0
DA:26,0
DA:27,0
LF:14
LH:0
end_of_record
SF:lib/src/utils/date_formatter.dart
DA:4,0
DA:6,0
LF:2
LH:0
end_of_record
SF:lib/src/features/orders/presentation/orders_list/orders_list_screen.dart
DA:10,6
DA:12,0
DA:15,0
DA:16,0
DA:19,0
DA:25,0
DA:29,0
DA:30,0
DA:31,0
DA:33,0
DA:34,0
DA:35,0
DA:36,0
DA:37,0
DA:41,0
DA:42,0
DA:43,0
DA:44,0
DA:45,0
DA:47,0
DA:48,0
DA:51,0
LF:22
LH:1
end_of_record
SF:lib/src/features/products/presentation/home_app_bar/home_app_bar.dart
DA:19,12
DA:21,1
DA:23,3
DA:31,3
DA:32,1
DA:33,0
DA:34,0
DA:35,0
DA:37,0
DA:41,1
DA:42,2
DA:43,1
DA:45,1
DA:46,1
DA:48,1
DA:49,0
DA:51,1
DA:53,1
DA:54,3
DA:57,1
DA:59,1
DA:60,3
DA:67,1
LF:23
LH:18
end_of_record
SF:lib/src/features/products/presentation/home_app_bar/shopping_cart_icon.dart
DA:10,6
DA:15,1
DA:17,2
DA:18,1
DA:19,1
DA:20,1
DA:21,1
DA:24,0
DA:27,1
DA:28,0
DA:31,0
DA:40,0
DA:43,0
DA:45,0
DA:48,0
DA:53,0
DA:54,0
DA:60,0
DA:61,0
DA:62,0
DA:63,0
LF:21
LH:8
end_of_record
SF:lib/src/features/products/presentation/product_screen/leave_review_action.dart
DA:15,0
DA:18,0
DA:21,0
DA:24,0
DA:25,0
DA:26,0
DA:29,0
DA:37,0
DA:38,0
DA:39,0
DA:40,0
DA:41,0
DA:42,0
DA:43,0
DA:44,0
DA:45,0
DA:46,0
LF:17
LH:0
end_of_record
SF:lib/src/features/products/presentation/product_screen/product_average_rating.dart
DA:7,1
DA:10,1
DA:12,1
DA:13,1
DA:19,1
DA:20,3
DA:21,3
DA:24,1
DA:25,1
DA:26,3
DA:28,3
DA:29,3
LF:12
LH:12
end_of_record
SF:lib/src/features/products/presentation/product_screen/product_screen.dart
DA:21,0
DA:24,0
DA:26,0
DA:28,0
DA:29,0
DA:30,0
DA:31,0
DA:33,0
DA:34,0
DA:35,0
DA:37,0
DA:38,0
DA:39,0
DA:41,0
DA:43,0
DA:57,0
DA:60,0
DA:63,0
DA:64,0
DA:65,0
DA:66,0
DA:68,0
DA:72,0
DA:73,0
DA:75,0
DA:77,0
DA:78,0
DA:79,0
DA:81,0
DA:83,0
DA:85,0
DA:87,0
DA:88,0
DA:89,0
DA:90,0
DA:91,0
DA:92,0
DA:93,0
DA:94,0
DA:95,0
DA:96,0
LF:41
LH:0
end_of_record
SF:lib/src/features/reviews/presentation/product_reviews/product_reviews_list.dart
DA:10,0
DA:12,0
DA:15,0
DA:16,0
DA:17,0
DA:21,0
DA:22,0
DA:27,0
DA:28,0
DA:29,0
DA:33,0
DA:35,0
LF:12
LH:0
end_of_record
SF:lib/src/features/products/presentation/products_list/products_grid.dart
DA:17,6
DA:19,1
DA:21,2
DA:22,1
DA:24,2
DA:25,0
DA:26,0
DA:27,0
DA:28,0
DA:31,1
DA:32,1
DA:33,1
DA:34,1
DA:35,1
DA:37,0
DA:38,0
DA:39,0
DA:51,1
DA:63,1
DA:66,2
DA:67,1
DA:70,1
DA:73,3
DA:74,3
DA:76,2
DA:78,1
DA:83,1
DA:85,6
LF:28
LH:21
end_of_record
SF:lib/src/features/products/presentation/products_list/products_list_screen.dart
DA:10,6
DA:12,1
DA:13,1
DA:23,1
DA:25,1
DA:26,3
DA:29,1
DA:31,3
DA:32,1
DA:37,0
DA:38,0
DA:39,0
DA:43,1
DA:45,1
DA:47,1
DA:48,1
LF:16
LH:13
end_of_record
SF:lib/src/features/products/presentation/products_list/products_search_text_field.dart
DA:6,6
DA:8,1
DA:10,1
DA:16,1
DA:19,2
DA:20,1
DA:23,1
DA:28,1
DA:29,1
DA:30,1
DA:31,1
DA:32,1
DA:34,3
DA:35,1
DA:36,1
DA:38,2
DA:39,0
DA:40,0
DA:41,0
LF:19
LH:16
end_of_record
SF:lib/src/features/reviews/domain/review.dart
DA:3,0
LF:1
LH:0
end_of_record
SF:lib/src/features/reviews/presentation/leave_review_screen/leave_review_screen.dart
DA:12,0
DA:15,0
DA:19,0
DA:20,0
DA:21,0
DA:23,0
DA:26,0
DA:33,0
DA:40,0
DA:41,0
DA:49,0
DA:51,0
DA:52,0
DA:54,0
DA:55,0
DA:59,0
DA:62,0
DA:63,0
DA:66,0
DA:67,0
DA:78,0
DA:80,0
DA:82,0
DA:83,0
DA:84,0
DA:85,0
DA:90,0
DA:91,0
DA:92,0
DA:93,0
DA:96,0
DA:97,0
DA:99,0
DA:102,0
DA:103,0
DA:107,0
DA:108,0
DA:109,0
DA:112,0
LF:39
LH:0
end_of_record
SF:lib/src/features/reviews/presentation/product_reviews/product_rating_bar.dart
DA:6,0
DA:27,0
DA:29,0
DA:31,0
DA:32,0
DA:33,0
DA:36,0
DA:37,0
DA:40,0
DA:43,0
LF:10
LH:0
end_of_record
SF:lib/src/features/reviews/presentation/product_reviews/product_review_card.dart
DA:11,0
DA:13,0
DA:15,0
DA:16,0
DA:17,0
DA:19,0
DA:21,0
DA:22,0
DA:24,0
DA:25,0
DA:26,0
DA:30,0
DA:31,0
DA:34,0
DA:37,0
DA:39,0
DA:40,0
DA:41,0
LF:18
LH:0
end_of_record
SF:lib/src/routing/go_router_refresh_stream.dart
DA:7,1
DA:8,1
DA:9,3
DA:10,2
DA:16,0
DA:18,0
DA:19,0
LF:7
LH:4
end_of_record
SF:lib/src/routing/not_found_screen.dart
DA:7,6
DA:9,0
DA:11,0
DA:12,0
DA:13,0
DA:14,0
LF:6
LH:1
end_of_record
