SF:lib/src/features/products/data/fake_products_repository.g.dart
DA:9,1
DA:14,20
DA:15,10
DA:26,6
DA:31,14
DA:32,7
DA:43,0
DA:48,0
DA:49,0
DA:60,6
DA:64,0
DA:66,7
DA:68,14
DA:70,28
DA:71,14
DA:74,7
DA:76,28
DA:78,14
DA:79,28
DA:90,31
DA:93,6
DA:96,6
DA:101,0
DA:105,0
DA:106,0
DA:112,0
DA:117,0
DA:121,0
DA:128,6
DA:130,6
DA:131,12
DA:146,6
DA:154,6
DA:158,0
DA:162,0
DA:164,0
DA:165,0
DA:166,0
DA:171,0
DA:176,6
DA:178,6
DA:181,6
DA:183,24
DA:186,6
DA:188,18
DA:189,18
DA:191,6
DA:202,6
DA:204,0
DA:205,0
DA:208,7
DA:218,31
DA:221,7
DA:224,7
DA:229,0
DA:233,0
DA:234,0
DA:240,0
DA:245,0
DA:249,0
DA:257,7
DA:259,7
DA:260,14
DA:276,7
DA:284,7
DA:288,0
DA:292,0
DA:294,0
DA:295,0
DA:296,0
DA:301,0
DA:306,7
DA:308,7
DA:311,7
DA:313,28
DA:316,7
DA:318,21
DA:319,21
DA:321,7
DA:333,7
DA:335,0
DA:336,0
LF:82
LH:50
end_of_record
SF:lib/src/features/products/data/fake_products_repository.dart
DA:12,9
DA:18,1
DA:19,2
DA:22,4
DA:23,12
DA:26,8
DA:27,24
DA:30,7
DA:31,14
DA:34,7
DA:35,28
DA:39,2
DA:40,4
DA:41,4
DA:42,10
DA:43,4
DA:45,0
DA:48,2
DA:50,4
DA:54,7
DA:56,28
DA:61,7
DA:64,14
DA:65,28
DA:66,7
DA:69,8
DA:71,32
DA:78,1
DA:81,1
DA:84,6
DA:86,12
DA:87,6
DA:90,0
DA:92,0
DA:93,0
DA:96,6
DA:98,12
DA:99,6
DA:102,7
DA:105,7
DA:107,7
DA:108,0
DA:110,7
DA:111,14
DA:112,7
LF:45
LH:40
end_of_record
SF:lib/src/features/products/domain/product.dart
DA:6,34
DA:27,1
DA:29,9
DA:32,8
DA:36,2
DA:37,6
DA:38,6
DA:39,6
DA:40,6
DA:41,6
DA:42,6
DA:43,6
DA:44,6
DA:47,7
DA:49,21
DA:50,21
DA:51,21
DA:52,21
DA:53,21
DA:54,21
DA:55,21
DA:56,14
DA:59,3
DA:69,3
DA:70,3
DA:71,3
DA:72,3
DA:73,3
DA:74,3
DA:75,3
DA:76,0
DA:77,0
LF:32
LH:30
end_of_record
SF:lib/src/exceptions/app_exception.dart
DA:5,1
DA:9,0
DA:10,0
DA:15,0
DA:16,0
DA:20,0
DA:21,0
DA:25,0
DA:26,0
DA:30,3
DA:35,0
DA:36,0
DA:37,0
DA:42,0
DA:43,0
DA:44,0
DA:49,0
DA:50,0
DA:51,0
DA:56,0
DA:57,0
DA:58,0
LF:22
LH:2
end_of_record
SF:lib/src/localization/string_hardcoded.dart
DA:4,11
LF:1
LH:1
end_of_record
SF:lib/src/features/authentication/data/fake_auth_repository.dart
DA:12,9
DA:16,27
DA:17,24
DA:22,1
DA:23,2
DA:25,1
DA:27,0
DA:28,0
DA:32,0
DA:33,0
DA:36,1
DA:39,6
DA:41,12
DA:43,6
DA:44,0
DA:45,0
DA:49,12
DA:50,0
DA:53,6
DA:56,5
DA:57,10
DA:60,6
DA:62,6
DA:64,6
DA:65,18
DA:70,12
DA:72,12
DA:76,1
DA:78,1
DA:79,3
DA:83,10
DA:85,20
DA:86,10
LF:33
LH:26
end_of_record
SF:lib/src/features/authentication/data/fake_auth_repository.g.dart
DA:9,1
DA:13,51
DA:24,10
DA:28,30
LF:4
LH:4
end_of_record
SF:lib/src/features/authentication/domain/app_user.dart
DA:3,13
DA:10,1
DA:14,7
DA:17,1
DA:18,5
DA:20,1
DA:21,3
LF:7
LH:7
end_of_record
SF:lib/src/features/authentication/domain/fake_app_user.dart
DA:5,6
LF:1
LH:1
end_of_record
SF:lib/src/utils/delay.dart
DA:1,8
DA:3,0
DA:5,8
LF:3
LH:2
end_of_record
SF:lib/src/utils/in_memory_store.dart
DA:6,22
DA:12,30
DA:15,30
DA:18,27
DA:21,6
LF:5
LH:5
end_of_record
SF:lib/src/features/authentication/presentation/sign_in/email_password_sign_in_controller.dart
DA:11,7
DA:16,7
DA:20,7
DA:21,7
DA:22,21
DA:23,21
DA:26,7
DA:28,21
DA:30,7
DA:31,2
DA:32,6
DA:33,6
LF:12
LH:12
end_of_record
SF:lib/src/features/authentication/presentation/sign_in/email_password_sign_in_controller.g.dart
DA:9,7
DA:14,21
LF:2
LH:2
end_of_record
SF:lib/src/features/authentication/presentation/sign_in/email_password_sign_in_form_type.dart
DA:7,6
DA:8,6
DA:9,6
DA:11,4
DA:16,6
DA:17,6
DA:18,6
DA:20,4
DA:24,6
DA:25,6
DA:26,6
DA:28,4
DA:32,4
DA:33,4
DA:40,0
DA:41,0
DA:42,0
DA:44,0
DA:48,0
DA:49,0
DA:50,0
DA:52,0
LF:22
LH:14
end_of_record
SF:lib/src/features/cart/application/cart_service.g.dart
DA:9,5
DA:13,21
DA:23,7
DA:27,27
DA:37,7
DA:41,21
DA:52,7
DA:56,21
DA:66,6
DA:71,0
DA:73,6
DA:75,12
DA:77,24
DA:78,12
DA:81,6
DA:83,24
DA:85,12
DA:86,24
DA:97,31
DA:100,6
DA:103,6
DA:108,0
DA:112,0
DA:113,0
DA:119,0
DA:124,0
DA:128,0
DA:135,6
DA:137,6
DA:138,12
DA:154,6
DA:162,6
DA:166,0
DA:170,0
DA:172,0
DA:173,0
DA:174,0
DA:179,0
DA:184,6
DA:186,6
DA:189,6
DA:191,24
DA:194,6
DA:196,18
DA:197,18
DA:199,6
DA:210,6
DA:212,0
DA:213,0
LF:49
LH:34
end_of_record
SF:lib/src/features/cart/application/cart_service.dart
DA:17,5
DA:22,5
DA:23,20
DA:25,10
DA:27,20
DA:33,5
DA:34,20
DA:36,10
DA:38,20
DA:43,2
DA:44,2
DA:45,2
DA:46,2
DA:50,5
DA:51,5
DA:52,5
DA:53,5
DA:58,2
DA:59,2
DA:60,2
DA:61,2
DA:65,5
DA:67,5
DA:70,7
DA:72,21
DA:74,20
DA:76,21
DA:80,7
DA:82,21
DA:83,28
DA:84,7
DA:88,7
DA:90,21
DA:91,27
DA:92,19
DA:94,15
DA:96,25
DA:97,20
DA:105,6
DA:107,18
DA:110,18
DA:112,18
DA:114,1
LF:43
LH:43
end_of_record
SF:lib/src/features/cart/data/local/local_cart_repository.g.dart
DA:9,0
DA:14,27
LF:2
LH:1
end_of_record
SF:lib/src/features/cart/data/local/local_cart_repository.dart
DA:16,0
DA:19,0
LF:2
LH:0
end_of_record
SF:lib/src/features/cart/data/remote/remote_cart_repository.g.dart
DA:9,0
DA:14,30
LF:2
LH:1
end_of_record
SF:lib/src/features/cart/data/remote/remote_cart_repository.dart
DA:17,0
DA:20,0
LF:2
LH:0
end_of_record
SF:lib/src/features/cart/domain/cart.dart
DA:10,142
DA:17,0
DA:18,0
DA:19,0
DA:23,0
DA:24,0
DA:25,0
DA:29,0
DA:31,0
DA:33,0
DA:34,0
DA:36,3
DA:40,8
DA:43,0
DA:44,0
DA:48,4
DA:49,16
DA:50,4
DA:51,4
DA:52,4
DA:54,4
LF:21
LH:9
end_of_record
SF:lib/src/features/cart/domain/item.dart
DA:5,11
DA:12,2
DA:16,2
DA:17,6
DA:18,6
DA:21,0
DA:22,0
LF:7
LH:5
end_of_record
SF:lib/src/features/cart/domain/mutable_cart.dart
DA:8,3
DA:9,6
DA:10,9
DA:11,3
DA:15,6
DA:16,12
DA:19,6
DA:20,6
DA:22,6
DA:24,10
DA:26,6
DA:31,5
DA:32,10
DA:33,10
DA:34,5
DA:35,5
DA:37,6
DA:39,10
DA:42,5
DA:46,3
DA:47,6
DA:48,3
DA:49,3
LF:23
LH:23
end_of_record
SF:lib/src/features/cart/data/remote/fake_remote_cart_repository.dart
DA:7,7
DA:15,3
DA:17,12
DA:20,5
DA:22,25
DA:25,3
DA:27,6
DA:29,6
DA:31,3
DA:33,6
LF:10
LH:10
end_of_record
SF:lib/src/features/checkout/application/fake_checkout_service.dart
DA:17,3
DA:26,3
DA:27,9
DA:28,9
DA:29,9
DA:30,9
DA:33,6
DA:35,3
DA:36,6
DA:37,3
DA:38,3
DA:41,3
DA:43,3
DA:46,3
DA:52,3
DA:54,3
DA:56,2
DA:61,3
DA:62,6
DA:65,9
DA:66,6
DA:68,6
DA:69,6
DA:70,9
DA:72,3
DA:76,3
DA:78,3
LF:27
LH:27
end_of_record
SF:lib/src/features/checkout/application/fake_checkout_service.g.dart
DA:9,3
DA:13,8
DA:14,4
LF:3
LH:3
end_of_record
SF:lib/src/features/orders/data/fake_orders_repository.dart
DA:12,7
DA:23,3
DA:24,12
DA:25,4
DA:26,3
DA:27,0
DA:31,11
DA:32,3
DA:40,2
DA:41,4
DA:42,4
DA:43,4
DA:44,2
DA:45,2
DA:46,4
DA:50,0
DA:52,0
LF:17
LH:14
end_of_record
SF:lib/src/features/orders/data/fake_orders_repository.g.dart
DA:9,0
DA:13,24
LF:2
LH:1
end_of_record
SF:lib/src/features/orders/domain/order.dart
DA:9,0
DA:10,0
DA:11,0
DA:12,0
DA:13,0
DA:22,3
LF:6
LH:1
end_of_record
SF:lib/src/utils/current_date_provider.g.dart
DA:9,2
DA:17,8
DA:18,4
LF:3
LH:3
end_of_record
SF:lib/src/utils/current_date_provider.dart
DA:7,2
DA:9,4
LF:2
LH:2
end_of_record
SF:lib/src/features/reviews/application/reviews_service.dart
DA:14,3
DA:17,3
DA:21,12
DA:23,3
DA:25,0
DA:26,0
DA:28,12
DA:30,3
DA:36,3
DA:39,3
DA:41,12
DA:42,3
DA:43,12
DA:45,0
DA:47,3
DA:49,3
DA:51,12
DA:54,3
DA:55,3
DA:57,4
DA:58,4
DA:60,4
DA:67,3
DA:69,3
DA:73,2
DA:75,6
DA:77,8
DA:79,0
DA:84,2
DA:86,6
DA:88,8
DA:90,0
LF:32
LH:27
end_of_record
SF:lib/src/features/reviews/application/reviews_service.g.dart
DA:9,3
DA:13,12
DA:24,2
DA:28,0
DA:30,2
DA:32,4
DA:34,8
DA:35,4
DA:38,2
DA:40,8
DA:42,4
DA:43,8
DA:60,31
DA:65,2
DA:68,2
DA:73,0
DA:77,0
DA:78,0
DA:84,0
DA:89,0
DA:93,0
DA:104,2
DA:106,2
DA:107,4
DA:123,2
DA:131,2
DA:135,0
DA:139,0
DA:141,0
DA:142,0
DA:143,0
DA:148,0
DA:153,2
DA:155,2
DA:158,2
DA:160,8
DA:163,2
DA:165,6
DA:166,6
DA:168,2
DA:179,2
DA:181,0
DA:182,0
DA:185,2
DA:200,31
DA:205,2
DA:208,2
DA:213,0
DA:217,0
DA:218,0
DA:224,0
DA:229,0
DA:233,0
DA:244,2
DA:246,2
DA:247,4
DA:263,2
DA:271,2
DA:275,0
DA:279,0
DA:281,0
DA:282,0
DA:283,0
DA:288,0
DA:293,2
DA:295,2
DA:298,2
DA:300,8
DA:303,2
DA:305,6
DA:306,6
DA:308,2
DA:319,2
DA:321,0
DA:322,0
LF:75
LH:46
end_of_record
SF:lib/src/features/reviews/data/fake_reviews_repository.g.dart
DA:9,0
DA:13,24
DA:24,5
DA:28,0
DA:30,5
DA:32,10
DA:34,20
DA:35,10
DA:38,5
DA:40,20
DA:42,10
DA:43,20
DA:54,31
DA:57,5
DA:60,5
DA:65,0
DA:69,0
DA:70,0
DA:76,0
DA:81,0
DA:85,0
DA:92,5
DA:94,5
DA:95,10
DA:111,5
DA:119,5
DA:123,0
DA:127,0
DA:129,0
DA:130,0
DA:131,0
DA:136,0
DA:141,5
DA:143,5
DA:146,5
DA:148,20
DA:151,5
DA:153,15
DA:154,15
DA:156,5
DA:168,5
DA:170,0
DA:171,0
LF:43
LH:27
end_of_record
SF:lib/src/features/reviews/data/fake_reviews_repository.dart
DA:13,7
DA:23,2
DA:24,8
DA:26,4
DA:32,2
DA:33,4
DA:35,9
DA:39,5
DA:40,20
DA:42,5
DA:44,5
DA:46,4
DA:52,2
DA:54,6
DA:56,0
DA:58,6
DA:66,2
DA:71,4
DA:72,4
DA:73,2
DA:76,1
DA:79,4
DA:81,4
DA:85,0
DA:87,0
DA:90,5
DA:92,15
LF:27
LH:24
end_of_record
SF:lib/src/features/reviews/domain/review.dart
DA:3,4
DA:12,2
DA:16,1
DA:17,3
DA:18,3
DA:19,3
DA:22,0
DA:23,0
DA:25,0
DA:27,0
LF:10
LH:6
end_of_record
SF:lib/src/features/wishlist/application/wishlist_service.g.dart
DA:9,4
DA:13,21
DA:24,7
DA:28,21
DA:38,7
DA:43,21
DA:54,7
DA:58,0
DA:60,7
DA:62,14
DA:64,28
DA:65,14
DA:68,7
DA:70,28
DA:72,14
DA:73,28
DA:84,31
DA:87,7
DA:90,7
DA:95,0
DA:99,0
DA:100,0
DA:106,0
DA:111,0
DA:115,0
DA:122,7
DA:124,7
DA:125,14
DA:141,7
DA:149,7
DA:153,0
DA:157,0
DA:159,0
DA:160,0
DA:161,0
DA:166,0
DA:171,7
DA:173,7
DA:176,7
DA:178,28
DA:181,7
DA:183,21
DA:184,21
DA:186,7
DA:197,7
DA:199,0
DA:200,0
LF:47
LH:32
end_of_record
SF:lib/src/features/wishlist/application/wishlist_service.dart
DA:15,4
DA:19,4
DA:20,16
DA:22,5
DA:24,16
DA:30,4
DA:31,16
DA:33,1
DA:34,2
DA:35,2
DA:37,16
DA:43,4
DA:44,4
DA:45,4
DA:46,4
DA:51,2
DA:52,2
DA:54,4
DA:55,2
DA:60,4
DA:61,4
DA:62,4
DA:63,4
DA:67,4
DA:69,4
DA:72,7
DA:74,21
DA:76,20
DA:78,21
DA:82,7
DA:84,21
DA:85,28
DA:86,7
DA:90,7
DA:92,21
DA:94,14
LF:36
LH:36
end_of_record
SF:lib/src/features/wishlist/data/local/local_wishlist_repository.g.dart
DA:9,0
DA:14,18
DA:15,9
LF:3
LH:2
end_of_record
SF:lib/src/features/wishlist/data/local/local_wishlist_repository.dart
DA:16,0
DA:20,0
LF:2
LH:0
end_of_record
SF:lib/src/features/wishlist/data/remote/remote_wishlist_repository.g.dart
DA:9,0
DA:14,18
DA:15,9
LF:3
LH:2
end_of_record
SF:lib/src/features/wishlist/data/remote/remote_wishlist_repository.dart
DA:15,0
DA:19,0
LF:2
LH:0
end_of_record
SF:lib/src/features/wishlist/domain/mutable_wishlist.dart
DA:8,5
DA:9,10
DA:10,10
DA:11,5
DA:15,5
DA:16,10
DA:17,5
DA:18,5
DA:23,3
DA:24,6
DA:25,6
DA:26,3
DA:27,3
DA:29,2
DA:30,6
DA:33,3
LF:16
LH:16
end_of_record
SF:lib/src/features/wishlist/domain/wishlist.dart
DA:11,107
DA:18,0
DA:19,0
DA:21,0
DA:22,0
DA:23,0
DA:27,0
DA:28,0
DA:29,0
DA:33,0
DA:35,0
DA:36,0
DA:38,2
DA:42,6
DA:45,0
DA:46,0
DA:52,4
DA:53,16
DA:54,4
DA:55,4
DA:56,4
DA:58,4
LF:22
LH:9
end_of_record
SF:lib/src/features/wishlist/domain/wishlist_item.dart
DA:8,8
DA:10,2
DA:14,12
DA:17,0
DA:18,0
LF:5
LH:3
end_of_record
SF:lib/src/features/wishlist/data/remote/fake_remote_wishlist_repository.dart
DA:9,7
DA:16,2
DA:18,8
DA:21,5
DA:23,10
DA:24,15
DA:27,2
DA:29,4
DA:31,4
DA:33,2
DA:35,4
LF:11
LH:11
end_of_record
SF:lib/src/features/checkout/presentation/payment/payment_button_controller.dart
DA:13,4
DA:15,11
DA:16,3
DA:20,3
DA:21,9
DA:22,3
DA:23,6
DA:26,3
DA:27,3
LF:9
LH:9
end_of_record
SF:lib/src/features/checkout/presentation/payment/payment_button_controller.g.dart
DA:9,4
DA:14,8
DA:15,4
LF:3
LH:3
end_of_record
SF:lib/src/features/wishlist/presentation/wishlist/wishlist_screen_controller.dart
DA:11,3
DA:16,2
DA:17,6
DA:18,2
DA:19,2
DA:20,4
DA:21,2
DA:22,0
DA:24,2
LF:9
LH:8
end_of_record
SF:lib/src/features/wishlist/presentation/wishlist/wishlist_screen_controller.g.dart
DA:9,3
DA:14,6
DA:15,3
LF:3
LH:3
end_of_record
SF:lib/src/features/wishlist/presentation/update_wishlist_from_home_screen/update_wishlist_from_home_screen_controller.dart
DA:12,9
DA:17,20
DA:19,4
DA:21,4
DA:23,4
DA:24,12
DA:26,4
DA:27,4
DA:29,4
DA:33,3
DA:35,3
DA:37,3
DA:38,9
DA:40,3
DA:41,8
DA:43,3
LF:16
LH:16
end_of_record
SF:lib/src/features/wishlist/presentation/update_wishlist_from_home_screen/update_wishlist_from_home_screen_controller.g.dart
DA:9,9
DA:14,18
DA:15,9
LF:3
LH:3
end_of_record
SF:lib/src/app.dart
DA:7,8
DA:9,7
DA:11,14
DA:12,7
DA:16,14
DA:17,7
DA:26,7
DA:27,7
LF:8
LH:8
end_of_record
SF:lib/src/routing/app_router.g.dart
DA:9,7
DA:13,21
LF:2
LH:2
end_of_record
SF:lib/src/routing/app_router.dart
DA:33,7
DA:35,14
DA:36,7
DA:39,7
DA:40,7
DA:41,14
DA:43,5
DA:47,14
DA:53,14
DA:54,7
DA:55,7
DA:57,7
DA:58,7
DA:59,7
DA:60,7
DA:62,7
DA:63,5
DA:64,10
DA:65,5
DA:67,7
DA:68,7
DA:70,7
DA:71,2
DA:72,4
DA:73,2
DA:75,2
DA:81,7
DA:83,7
DA:84,4
DA:88,7
DA:89,7
DA:91,7
DA:92,3
DA:99,7
DA:101,7
DA:102,3
DA:107,7
DA:109,7
DA:110,2
DA:115,7
DA:117,7
DA:118,3
DA:123,7
DA:125,7
DA:126,3
DA:136,0
LF:46
LH:45
end_of_record
SF:lib/src/common_widgets/action_text_button.dart
DA:6,8
DA:9,8
DA:11,8
DA:13,8
DA:14,8
DA:15,16
DA:16,8
DA:17,8
DA:18,8
DA:19,8
LF:10
LH:10
end_of_record
SF:lib/src/common_widgets/alert_dialogs.dart
DA:11,4
DA:18,4
DA:23,8
DA:24,4
DA:25,1
DA:27,4
DA:28,4
DA:30,4
DA:31,4
DA:32,3
DA:34,4
DA:36,4
DA:37,12
DA:40,0
DA:42,0
DA:43,0
DA:44,0
DA:46,0
DA:48,0
DA:49,0
DA:57,1
DA:62,1
DA:65,1
DA:66,1
DA:69,0
DA:70,0
DA:72,0
LF:27
LH:17
end_of_record
SF:lib/src/common_widgets/async_value_widget.dart
DA:6,7
DA:10,7
DA:12,14
DA:13,7
DA:14,0
DA:15,7
DA:22,5
DA:27,5
DA:29,10
DA:30,5
DA:31,5
DA:33,0
DA:34,0
LF:13
LH:10
end_of_record
SF:lib/src/common_widgets/error_message_widget.dart
DA:4,0
DA:6,0
DA:8,0
DA:9,0
DA:10,0
LF:5
LH:0
end_of_record
SF:lib/src/common_widgets/custom_image.dart
DA:5,7
DA:8,7
DA:11,14
LF:3
LH:3
end_of_record
SF:lib/src/common_widgets/custom_text_button.dart
DA:6,6
DA:12,6
DA:14,6
DA:16,6
DA:17,6
DA:18,6
DA:19,6
DA:20,6
LF:8
LH:8
end_of_record
SF:lib/src/common_widgets/decorated_box_with_shadow.dart
DA:7,0
DA:10,0
DA:12,0
DA:23,0
DA:25,0
LF:5
LH:0
end_of_record
SF:lib/src/common_widgets/empty_placeholder_widget.dart
DA:10,5
DA:13,5
DA:15,5
DA:17,5
DA:18,5
DA:21,5
DA:22,5
DA:23,5
DA:24,15
DA:28,5
DA:29,0
DA:30,5
LF:12
LH:11
end_of_record
SF:lib/src/common_widgets/primary_button.dart
DA:11,8
DA:16,8
DA:18,8
DA:20,8
DA:21,8
DA:22,8
DA:24,8
DA:25,8
DA:27,8
DA:28,8
DA:29,8
DA:30,8
LF:12
LH:12
end_of_record
SF:lib/src/common_widgets/favorite_button.dart
DA:4,7
DA:19,7
DA:21,7
DA:22,7
DA:24,7
DA:25,7
DA:33,7
LF:7
LH:7
end_of_record
SF:lib/src/common_widgets/item_quantity_selector.dart
DA:6,5
DA:19,5
DA:20,8
DA:21,5
DA:22,8
DA:23,5
DA:24,8
DA:26,5
DA:28,5
DA:29,5
DA:30,5
DA:36,5
DA:39,5
DA:40,5
DA:41,10
DA:43,15
DA:44,5
DA:47,5
DA:49,5
DA:50,10
DA:51,10
DA:53,15
DA:56,5
DA:57,10
DA:59,20
DA:60,15
LF:26
LH:26
end_of_record
SF:lib/src/common_widgets/responsive_center.dart
DA:10,26
DA:20,9
DA:23,9
DA:27,9
DA:28,9
DA:29,9
DA:30,9
DA:31,9
DA:40,23
DA:49,7
DA:51,7
DA:52,7
DA:53,7
DA:54,7
DA:55,7
LF:15
LH:15
end_of_record
SF:lib/src/common_widgets/responsive_scrollable_card.dart
DA:9,6
DA:11,6
DA:13,6
DA:14,6
DA:16,6
DA:18,6
DA:19,6
DA:21,6
LF:8
LH:8
end_of_record
SF:lib/src/common_widgets/responsive_two_column_layout.dart
DA:7,6
DA:31,6
DA:33,12
DA:34,18
DA:35,6
DA:36,6
DA:37,6
DA:38,6
DA:39,18
DA:40,12
DA:41,18
DA:45,0
DA:46,0
DA:47,0
DA:48,0
DA:49,0
DA:50,0
DA:51,0
LF:18
LH:11
end_of_record
SF:lib/src/common_widgets/shimmer_loading_cart_items_list.dart
DA:8,36
DA:12,0
DA:14,6
DA:16,6
DA:18,6
DA:19,6
DA:20,6
DA:21,6
DA:22,6
DA:24,6
DA:25,12
DA:26,6
DA:27,6
LF:13
LH:12
end_of_record
SF:lib/src/exceptions/error_logger.dart
DA:9,0
DA:11,0
DA:14,0
DA:16,0
DA:20,0
DA:22,0
LF:6
LH:0
end_of_record
SF:lib/src/exceptions/error_logger.g.dart
DA:9,0
DA:13,0
LF:2
LH:0
end_of_record
SF:lib/src/features/authentication/presentation/account/account_screen.dart
DA:14,28
DA:16,4
DA:18,4
DA:19,4
DA:20,8
DA:22,8
DA:23,4
DA:24,4
DA:25,4
DA:27,8
DA:28,4
DA:29,4
DA:30,4
DA:31,4
DA:33,4
DA:34,4
DA:36,4
DA:37,4
DA:38,4
DA:40,4
DA:42,12
DA:43,4
DA:59,18
DA:61,4
DA:63,12
DA:64,12
DA:65,4
DA:66,4
DA:67,4
DA:68,4
DA:69,4
DA:73,4
DA:74,4
DA:75,4
DA:80,4
DA:81,4
DA:82,4
DA:83,4
DA:86,4
DA:87,4
DA:88,4
DA:95,4
DA:96,4
DA:97,4
DA:98,4
DA:99,4
DA:104,4
DA:105,4
LF:48
LH:48
end_of_record
SF:lib/src/features/authentication/presentation/account/account_screen_controller.dart
DA:10,5
DA:14,5
DA:15,15
DA:16,5
DA:17,20
LF:5
LH:5
end_of_record
SF:lib/src/features/authentication/presentation/account/account_screen_controller.g.dart
DA:9,5
DA:14,10
DA:15,5
LF:3
LH:3
end_of_record
SF:lib/src/utils/async_value_ui.dart
DA:7,9
DA:8,18
DA:9,1
DA:11,1
DA:12,1
LF:5
LH:5
end_of_record
SF:lib/src/features/authentication/presentation/sign_in/email_password_sign_in_screen.dart
DA:19,18
DA:26,3
DA:28,3
DA:29,9
DA:30,3
DA:31,3
DA:41,6
DA:50,6
DA:52,6
DA:63,18
DA:64,18
DA:72,18
DA:74,6
DA:77,12
DA:78,12
DA:79,12
DA:80,6
DA:83,6
DA:84,18
DA:86,18
DA:88,24
DA:89,6
DA:90,6
DA:91,6
DA:92,6
DA:95,16
DA:100,0
DA:101,0
DA:102,0
DA:106,0
DA:107,0
DA:108,0
DA:111,0
DA:114,4
DA:116,20
DA:118,8
DA:121,6
DA:123,12
DA:124,6
DA:125,12
DA:127,18
DA:128,6
DA:129,6
DA:130,6
DA:131,6
DA:132,6
DA:133,6
DA:135,6
DA:138,6
DA:140,6
DA:141,6
DA:142,6
DA:143,6
DA:144,6
DA:147,6
DA:148,12
DA:153,0
DA:154,6
DA:155,6
DA:156,6
DA:161,6
DA:163,6
DA:164,6
DA:165,12
DA:166,6
DA:169,12
DA:171,12
DA:176,0
DA:179,6
DA:180,12
DA:181,6
DA:182,18
DA:185,6
DA:186,12
DA:187,12
LF:75
LH:66
end_of_record
SF:lib/src/features/authentication/presentation/sign_in/email_password_sign_in_validators.dart
DA:13,6
DA:14,12
DA:17,6
DA:19,6
DA:20,12
DA:22,2
DA:25,6
DA:26,6
DA:27,6
DA:28,1
DA:29,6
DA:33,6
DA:35,6
DA:36,6
DA:37,1
DA:38,6
LF:16
LH:16
end_of_record
SF:lib/src/features/authentication/presentation/sign_in/string_validators.dart
DA:10,6
DA:13,6
DA:17,12
DA:18,6
DA:19,12
DA:20,30
DA:27,0
DA:34,6
DA:37,6
DA:40,18
DA:41,18
DA:50,12
DA:54,12
DA:58,1
DA:60,1
DA:65,6
DA:68,6
DA:70,18
LF:18
LH:17
end_of_record
SF:lib/src/features/cart/application/cart_sync_service.dart
DA:18,8
DA:19,8
DA:23,8
DA:24,24
DA:25,8
DA:26,8
DA:27,8
DA:29,12
DA:36,6
DA:39,18
DA:40,6
DA:41,12
DA:43,12
DA:44,4
DA:46,4
DA:48,4
DA:50,4
DA:52,4
DA:55,0
DA:59,4
DA:62,12
DA:63,4
DA:65,4
DA:66,12
DA:67,4
DA:68,4
DA:70,8
DA:71,16
DA:73,1
DA:75,8
DA:78,4
DA:80,8
DA:87,8
DA:89,8
LF:34
LH:33
end_of_record
SF:lib/src/features/cart/application/cart_sync_service.g.dart
DA:9,8
DA:13,24
LF:2
LH:2
end_of_record
SF:lib/src/features/cart/data/local/fake_local_cart_repository.dart
DA:7,7
DA:12,6
DA:13,18
DA:15,7
DA:16,14
DA:18,4
DA:20,8
DA:21,8
LF:8
LH:8
end_of_record
SF:lib/src/features/cart/presentation/add_to_cart/add_to_cart_controller.dart
DA:11,6
DA:16,4
DA:17,8
DA:20,5
DA:21,15
DA:22,15
DA:23,15
DA:24,15
DA:25,5
DA:26,4
DA:28,5
LF:11
LH:11
end_of_record
SF:lib/src/features/cart/presentation/add_to_cart/add_to_cart_controller.g.dart
DA:9,6
DA:14,12
DA:15,6
LF:3
LH:3
end_of_record
SF:lib/src/features/cart/presentation/add_to_cart/add_to_cart_widget.dart
DA:17,5
DA:20,5
DA:22,5
DA:23,5
DA:24,8
DA:26,15
DA:27,10
DA:28,5
DA:30,5
DA:31,5
DA:34,5
DA:35,10
DA:36,5
DA:37,5
DA:40,5
DA:41,5
DA:43,3
DA:44,9
DA:45,3
DA:52,5
DA:53,5
DA:55,5
DA:56,4
DA:57,12
DA:58,12
DA:60,5
DA:61,5
DA:62,1
DA:64,21
DA:66,1
DA:67,1
DA:68,3
LF:32
LH:32
end_of_record
SF:lib/src/features/cart/presentation/cart_total/cart_total_text.dart
DA:8,18
DA:10,6
DA:12,12
DA:14,18
DA:15,6
DA:16,6
DA:17,18
LF:7
LH:7
end_of_record
SF:lib/src/utils/currency_formatter.g.dart
DA:9,7
DA:13,21
LF:2
LH:2
end_of_record
SF:lib/src/utils/currency_formatter.dart
DA:6,7
DA:11,7
LF:2
LH:2
end_of_record
SF:lib/src/features/cart/presentation/cart_total/cart_total_with_cta.dart
DA:7,6
DA:10,6
DA:12,6
DA:14,6
DA:17,12
LF:5
LH:5
end_of_record
SF:lib/src/features/cart/presentation/shopping_cart/shopping_cart_item.dart
DA:20,4
DA:34,4
DA:36,16
DA:37,4
DA:38,8
DA:40,4
DA:41,4
DA:43,4
DA:45,4
DA:46,4
DA:47,4
DA:52,0
DA:53,4
DA:60,4
DA:73,3
DA:75,4
DA:78,20
DA:79,4
DA:83,12
DA:85,4
DA:87,4
DA:88,24
DA:90,4
DA:91,12
DA:93,4
DA:95,4
DA:96,4
DA:97,4
DA:98,4
DA:101,3
DA:103,3
DA:104,12
DA:115,4
DA:126,12
DA:128,4
DA:130,8
DA:131,4
DA:133,4
DA:134,4
DA:135,8
DA:136,12
DA:137,4
DA:138,4
DA:140,1
DA:141,3
DA:142,3
DA:144,4
DA:145,8
DA:146,8
DA:147,4
DA:149,1
DA:150,3
DA:151,3
LF:53
LH:52
end_of_record
SF:lib/src/features/cart/presentation/shopping_cart/shopping_cart_screen_controller.dart
DA:13,5
DA:17,8
DA:19,2
DA:20,2
DA:21,2
DA:22,10
DA:25,2
DA:26,2
DA:27,10
LF:9
LH:9
end_of_record
SF:lib/src/features/cart/presentation/shopping_cart/shopping_cart_screen_controller.g.dart
DA:9,5
DA:14,15
LF:2
LH:2
end_of_record
SF:lib/src/features/cart/presentation/shopping_cart/shopping_cart_items_builder.dart
DA:13,4
DA:23,4
DA:26,8
DA:27,4
DA:28,4
DA:34,12
DA:37,4
DA:38,4
DA:40,4
DA:41,4
DA:42,4
DA:45,4
DA:47,4
DA:48,8
DA:49,8
DA:51,8
DA:55,4
DA:58,4
DA:60,8
DA:69,0
DA:70,0
DA:71,0
DA:72,0
DA:74,0
DA:75,0
DA:76,0
DA:78,0
DA:81,0
DA:82,0
LF:29
LH:19
end_of_record
SF:lib/src/features/cart/presentation/shopping_cart/shopping_cart_screen.dart
DA:18,18
DA:20,4
DA:22,4
DA:23,4
DA:24,2
DA:26,8
DA:27,4
DA:28,4
DA:29,8
DA:31,4
DA:32,4
DA:33,8
DA:34,4
DA:36,8
DA:37,4
DA:38,8
DA:42,8
DA:43,4
DA:44,4
DA:45,9
LF:20
LH:20
end_of_record
SF:lib/src/features/checkout/presentation/checkout_screen/checkout_screen.dart
DA:16,18
DA:18,3
DA:19,3
DA:27,3
DA:29,3
DA:30,12
DA:32,3
DA:34,12
DA:37,3
DA:39,6
DA:40,3
DA:43,3
DA:44,9
DA:46,6
DA:47,6
DA:53,3
DA:56,6
DA:57,3
DA:58,3
DA:62,3
DA:63,6
DA:64,3
DA:67,3
DA:68,3
DA:69,3
DA:71,3
LF:26
LH:26
end_of_record
SF:lib/src/features/checkout/presentation/payment/payment_page.dart
DA:15,18
DA:17,3
DA:19,9
DA:23,3
DA:24,4
DA:27,6
DA:28,3
DA:30,3
DA:31,3
DA:32,3
DA:33,6
DA:38,3
LF:12
LH:12
end_of_record
SF:lib/src/features/checkout/presentation/payment/payment_button.dart
DA:10,18
DA:12,3
DA:14,3
DA:15,3
DA:16,4
DA:18,6
DA:19,3
DA:20,3
DA:21,3
DA:22,3
DA:24,10
LF:11
LH:11
end_of_record
SF:lib/src/features/orders/application/user_orders_provider.g.dart
DA:9,2
DA:16,6
DA:26,5
DA:31,0
DA:33,5
DA:35,10
DA:37,20
DA:38,10
DA:41,5
DA:43,20
DA:45,10
DA:46,20
DA:63,18
DA:68,5
DA:71,5
DA:76,0
DA:80,0
DA:81,0
DA:87,0
DA:92,0
DA:96,0
DA:108,5
DA:110,5
DA:111,10
DA:127,5
DA:135,5
DA:139,0
DA:143,0
DA:145,0
DA:146,0
DA:147,0
DA:152,0
DA:157,5
DA:159,5
DA:162,5
DA:164,20
DA:167,5
DA:169,15
DA:170,15
DA:172,5
DA:184,5
DA:186,0
DA:187,0
LF:43
LH:28
end_of_record
SF:lib/src/features/orders/application/user_orders_provider.dart
DA:13,2
DA:15,6
DA:17,8
DA:20,0
DA:25,5
DA:28,15
DA:31,6
DA:32,6
DA:35,10
LF:9
LH:8
end_of_record
SF:lib/src/features/orders/presentation/orders_list/order_card.dart
DA:14,2
DA:17,2
DA:19,2
DA:21,2
DA:22,4
DA:25,2
DA:26,2
DA:27,4
DA:29,4
DA:40,2
DA:43,2
DA:46,10
DA:48,10
DA:49,2
DA:50,2
DA:52,2
DA:53,2
DA:54,2
DA:56,2
DA:57,2
DA:59,2
DA:60,2
DA:61,4
DA:62,6
DA:65,2
DA:68,2
DA:70,2
DA:71,2
DA:72,4
DA:74,6
DA:77,2
DA:90,2
DA:93,2
DA:95,2
DA:97,2
DA:98,2
DA:100,4
DA:102,6
DA:103,2
DA:104,6
LF:40
LH:40
end_of_record
SF:lib/src/features/orders/presentation/orders_list/order_item_list_tile.dart
DA:13,2
DA:16,2
DA:18,8
DA:19,2
DA:21,4
DA:23,2
DA:24,2
DA:25,2
DA:27,4
DA:30,2
DA:32,2
DA:34,2
DA:35,4
DA:37,2
DA:38,8
DA:39,6
LF:16
LH:16
end_of_record
SF:lib/src/features/orders/presentation/orders_list/order_status_label.dart
DA:7,2
DA:10,2
DA:12,6
DA:13,4
DA:14,2
DA:15,2
DA:16,2
DA:19,0
DA:20,0
DA:21,0
DA:24,0
DA:25,0
DA:26,0
DA:27,0
LF:14
LH:7
end_of_record
SF:lib/src/utils/date_formatter.g.dart
DA:9,2
DA:13,6
LF:2
LH:2
end_of_record
SF:lib/src/utils/date_formatter.dart
DA:6,2
DA:9,2
LF:2
LH:2
end_of_record
SF:lib/src/features/orders/presentation/orders_list/orders_list_screen.dart
DA:13,18
DA:15,2
DA:17,2
DA:18,2
DA:19,4
DA:21,4
DA:22,4
DA:23,2
DA:25,4
DA:26,0
DA:27,0
DA:28,0
DA:29,0
DA:33,2
DA:34,2
DA:35,2
DA:36,2
DA:37,4
DA:39,2
DA:40,2
DA:43,2
LF:21
LH:17
end_of_record
SF:lib/src/features/products/presentation/home_app_bar/home_app_bar.dart
DA:20,36
DA:22,7
DA:24,21
DA:32,21
DA:33,7
DA:34,0
DA:35,0
DA:36,0
DA:39,0
DA:43,7
DA:44,14
DA:45,7
DA:48,5
DA:49,5
DA:51,5
DA:52,0
DA:54,5
DA:56,5
DA:57,9
DA:60,7
DA:62,7
DA:63,9
DA:70,7
LF:23
LH:18
end_of_record
SF:lib/src/features/products/presentation/home_app_bar/more_menu_button.dart
DA:14,0
DA:22,0
DA:24,0
DA:27,0
DA:29,0
DA:30,0
DA:31,0
DA:34,0
DA:36,0
DA:39,0
DA:42,0
DA:43,0
DA:46,0
DA:50,0
DA:53,0
DA:54,0
DA:56,0
DA:57,0
DA:59,0
DA:60,0
LF:20
LH:0
end_of_record
SF:lib/src/features/products/presentation/home_app_bar/shopping_cart_icon.dart
DA:10,18
DA:15,7
DA:17,14
DA:18,7
DA:19,7
DA:20,7
DA:21,7
DA:24,12
DA:27,7
DA:28,4
DA:31,4
DA:40,4
DA:43,4
DA:45,4
DA:48,4
DA:53,4
DA:54,8
DA:60,4
DA:61,4
DA:62,4
DA:63,4
LF:21
LH:21
end_of_record
SF:lib/src/features/products/presentation/home_app_bar/wishlist_icon.dart
DA:10,18
DA:15,7
DA:17,14
DA:18,7
DA:19,7
DA:20,7
DA:21,7
DA:24,9
DA:27,7
DA:28,3
DA:31,3
DA:40,3
DA:43,3
DA:45,3
DA:48,3
DA:53,3
DA:54,6
DA:60,3
DA:61,3
DA:62,3
DA:63,3
LF:21
LH:21
end_of_record
SF:lib/src/features/products/presentation/product_screen/leave_review_action.dart
DA:17,5
DA:20,5
DA:22,20
DA:23,5
DA:25,10
DA:26,2
DA:27,2
DA:30,2
DA:38,6
DA:39,2
DA:40,2
DA:42,6
DA:44,2
DA:45,2
DA:48,2
DA:49,2
DA:50,2
DA:51,2
DA:52,4
DA:53,4
DA:54,2
DA:55,4
LF:22
LH:22
end_of_record
SF:lib/src/features/products/presentation/product_screen/product_average_rating.dart
DA:7,2
DA:10,2
DA:12,2
DA:13,2
DA:19,2
DA:20,6
DA:21,6
DA:24,2
DA:25,2
DA:26,6
DA:28,0
DA:29,6
LF:12
LH:11
end_of_record
SF:lib/src/features/products/presentation/product_screen/product_screen.dart
DA:24,5
DA:27,5
DA:29,5
DA:31,5
DA:32,5
DA:33,15
DA:34,5
DA:36,5
DA:37,0
DA:38,0
DA:40,5
DA:41,5
DA:42,5
DA:44,5
DA:46,10
DA:60,5
DA:63,5
DA:65,5
DA:66,5
DA:67,4
DA:70,25
DA:71,5
DA:72,5
DA:73,5
DA:75,15
DA:79,5
DA:80,5
DA:82,5
DA:84,5
DA:85,5
DA:87,5
DA:88,5
DA:89,15
DA:90,15
DA:92,10
DA:96,15
DA:98,17
DA:100,4
DA:102,5
DA:103,5
DA:104,5
DA:105,5
DA:106,15
DA:107,5
DA:108,15
DA:109,5
DA:110,5
DA:111,10
LF:48
LH:46
end_of_record
SF:lib/src/features/reviews/presentation/product_reviews/product_reviews_list.dart
DA:14,5
DA:16,5
DA:18,15
DA:19,5
DA:21,10
DA:22,5
DA:23,4
DA:27,4
DA:29,5
LF:9
LH:9
end_of_record
SF:lib/src/features/wishlist/presentation/add_to_wishlist/add_to_wishlist_controller.dart
DA:11,6
DA:16,12
DA:18,3
DA:19,9
DA:20,3
DA:21,9
DA:23,3
DA:24,4
DA:26,3
DA:30,2
DA:31,6
DA:32,2
DA:33,6
DA:35,2
DA:36,4
DA:38,2
LF:16
LH:16
end_of_record
SF:lib/src/features/wishlist/presentation/add_to_wishlist/add_to_wishlist_controller.g.dart
DA:9,6
DA:14,12
DA:15,6
LF:3
LH:3
end_of_record
SF:lib/src/features/wishlist/presentation/add_to_wishlist/add_to_wishlist_widget.dart
DA:15,5
DA:17,5
DA:19,10
DA:21,20
DA:23,5
DA:24,5
DA:26,5
DA:27,2
DA:29,6
DA:30,2
DA:31,2
DA:32,4
DA:35,4
DA:36,2
DA:39,1
DA:41,3
DA:42,1
DA:43,1
DA:44,2
DA:48,2
DA:49,1
LF:21
LH:21
end_of_record
SF:lib/src/features/products/presentation/products_list/product_card.dart
DA:13,7
DA:20,7
DA:23,35
DA:24,7
DA:25,7
DA:27,7
DA:28,7
DA:30,7
DA:32,7
DA:33,7
DA:35,7
DA:36,21
DA:37,14
DA:43,21
DA:44,21
DA:45,21
DA:47,0
DA:49,7
DA:50,7
DA:51,21
DA:52,7
DA:53,7
DA:54,21
DA:55,0
DA:56,28
DA:57,21
LF:26
LH:24
end_of_record
SF:lib/src/features/wishlist/presentation/update_wishlist_from_home_screen/update_wishlist_from_home_screen_widget.dart
DA:15,7
DA:17,7
DA:19,14
DA:21,28
DA:23,7
DA:24,7
DA:26,7
DA:27,3
DA:29,9
DA:30,3
DA:31,3
DA:32,6
DA:35,6
DA:36,3
DA:39,1
DA:41,3
DA:42,3
DA:44,2
DA:45,1
LF:19
LH:19
end_of_record
SF:lib/src/features/products/presentation/products_list/products_grid.dart
DA:19,18
DA:21,7
DA:23,7
DA:24,7
DA:25,6
DA:27,14
DA:28,7
DA:30,14
DA:31,0
DA:32,0
DA:33,0
DA:34,0
DA:37,7
DA:38,7
DA:39,7
DA:40,7
DA:41,7
DA:43,10
DA:44,5
DA:45,10
DA:57,7
DA:69,7
DA:72,14
DA:73,7
DA:76,10
DA:79,21
DA:80,21
DA:82,14
DA:84,7
DA:89,7
DA:91,42
LF:31
LH:27
end_of_record
SF:lib/src/features/products/presentation/products_list/products_search_state_provider.dart
DA:9,28
DA:13,7
DA:15,14
DA:16,21
LF:4
LH:4
end_of_record
SF:lib/src/features/products/presentation/products_list/products_search_state_provider.g.dart
DA:9,7
DA:14,14
DA:15,7
LF:3
LH:3
end_of_record
SF:lib/src/features/products/presentation/products_list/products_list_screen.dart
DA:10,18
DA:12,7
DA:13,7
DA:23,7
DA:25,7
DA:26,21
DA:29,7
DA:31,21
DA:32,7
DA:37,0
DA:38,0
DA:39,0
DA:43,7
DA:45,7
DA:47,7
DA:48,7
LF:16
LH:13
end_of_record
SF:lib/src/features/products/presentation/products_list/products_search_text_field.dart
DA:8,18
DA:10,7
DA:12,7
DA:19,7
DA:22,14
DA:23,7
DA:26,7
DA:31,7
DA:32,7
DA:33,7
DA:34,7
DA:35,7
DA:37,21
DA:38,7
DA:39,7
DA:41,14
DA:42,0
DA:43,0
DA:44,0
DA:45,0
DA:46,0
DA:47,0
DA:53,0
DA:54,0
LF:24
LH:16
end_of_record
SF:lib/src/features/reviews/presentation/leave_review_screen/leave_review_controller.dart
DA:14,3
DA:16,9
DA:17,3
DA:21,3
DA:30,4
DA:31,4
DA:32,9
DA:33,9
DA:34,3
DA:37,3
DA:40,3
DA:41,6
DA:42,3
DA:43,3
DA:45,3
DA:46,9
DA:47,3
DA:51,1
LF:18
LH:18
end_of_record
SF:lib/src/features/reviews/presentation/leave_review_screen/leave_review_controller.g.dart
DA:9,3
DA:14,6
DA:15,3
LF:3
LH:3
end_of_record
SF:lib/src/features/reviews/presentation/leave_review_screen/leave_review_screen.dart
DA:18,2
DA:21,2
DA:23,2
DA:24,2
DA:25,4
DA:27,2
DA:30,2
DA:31,2
DA:32,6
DA:33,2
DA:35,2
DA:36,4
DA:46,2
DA:53,2
DA:54,2
DA:62,2
DA:64,2
DA:65,4
DA:67,3
DA:68,2
DA:72,2
DA:75,4
DA:76,2
DA:79,2
DA:81,4
DA:82,2
DA:83,4
DA:85,6
DA:86,2
DA:88,2
DA:89,5
DA:90,1
DA:91,1
DA:96,2
DA:97,2
DA:98,2
DA:99,8
DA:102,2
DA:103,2
DA:105,2
DA:108,2
DA:109,2
DA:113,2
DA:114,2
DA:115,2
DA:116,2
DA:117,6
DA:119,2
DA:120,10
DA:121,4
DA:122,4
DA:123,2
DA:124,4
DA:125,2
LF:54
LH:54
end_of_record
SF:lib/src/features/reviews/presentation/product_reviews/product_rating_bar.dart
DA:6,2
DA:27,6
DA:29,2
DA:31,2
DA:32,2
DA:33,2
DA:36,2
DA:37,4
DA:40,2
DA:43,2
LF:10
LH:10
end_of_record
SF:lib/src/features/reviews/presentation/product_reviews/product_review_card.dart
DA:10,2
DA:12,2
DA:14,10
DA:15,2
DA:16,2
DA:18,2
DA:20,2
DA:21,2
DA:23,2
DA:24,2
DA:25,4
DA:29,0
DA:31,8
DA:34,8
DA:36,2
DA:37,4
DA:38,6
LF:17
LH:16
end_of_record
SF:lib/src/features/wishlist/application/wishlist_sync_service.dart
DA:16,8
DA:17,8
DA:20,8
DA:21,24
DA:22,8
DA:23,8
DA:24,8
DA:26,12
DA:32,6
DA:35,18
DA:36,6
DA:37,12
DA:40,9
DA:42,3
DA:44,3
DA:45,3
DA:48,3
DA:50,3
DA:53,0
DA:58,8
DA:60,8
LF:21
LH:20
end_of_record
SF:lib/src/features/wishlist/application/wishlist_sync_service.g.dart
DA:9,8
DA:14,24
LF:2
LH:2
end_of_record
SF:lib/src/features/wishlist/data/local/fake_focal_wishlist_repository.dart
DA:9,7
DA:14,6
DA:15,18
DA:18,7
DA:19,14
DA:22,3
DA:24,6
DA:25,6
LF:8
LH:8
end_of_record
SF:lib/src/utils/show_snackbar.dart
DA:3,3
DA:4,6
DA:5,6
DA:6,3
DA:7,3
LF:5
LH:5
end_of_record
SF:lib/src/features/wishlist/presentation/wishlist/remove_from_wishlist_screen_widget.dart
DA:14,3
DA:16,3
DA:18,6
DA:19,12
DA:21,3
DA:22,3
DA:24,3
DA:26,2
DA:28,6
DA:29,6
DA:31,4
DA:33,2
LF:12
LH:12
end_of_record
SF:lib/src/features/wishlist/presentation/wishlist/wishlist_item.dart
DA:18,3
DA:26,3
DA:28,12
DA:29,3
DA:30,6
DA:31,0
DA:32,0
DA:33,0
DA:35,3
DA:37,3
DA:38,3
DA:40,3
DA:42,3
DA:43,3
DA:49,0
DA:50,3
DA:57,3
DA:67,3
DA:70,15
DA:71,3
DA:75,9
DA:77,3
DA:79,3
DA:80,3
DA:82,3
DA:83,3
DA:84,9
DA:85,9
DA:87,6
DA:91,3
DA:92,9
LF:31
LH:27
end_of_record
SF:lib/src/features/wishlist/presentation/wishlist/wishlist_items_builder.dart
DA:13,3
DA:23,3
DA:26,6
DA:27,2
DA:28,2
DA:34,9
DA:37,3
DA:38,3
DA:40,3
DA:41,3
DA:42,3
DA:45,3
DA:47,3
DA:48,6
DA:49,6
DA:51,6
DA:55,3
DA:58,3
DA:60,6
DA:69,0
DA:70,0
DA:71,0
DA:72,0
DA:74,0
DA:75,0
DA:76,0
DA:78,0
DA:81,0
DA:82,0
LF:29
LH:19
end_of_record
SF:lib/src/features/wishlist/presentation/wishlist/wishlist_screen.dart
DA:18,18
DA:20,3
DA:22,3
DA:23,3
DA:24,4
DA:27,3
DA:28,3
DA:29,6
DA:31,3
DA:32,3
DA:33,6
DA:34,3
DA:36,6
DA:37,3
DA:38,6
DA:42,6
DA:43,3
DA:45,0
LF:18
LH:17
end_of_record
SF:lib/src/routing/go_router_refresh_stream.dart
DA:7,7
DA:8,7
DA:9,21
DA:10,14
DA:16,0
DA:18,0
DA:19,0
LF:7
LH:4
end_of_record
SF:lib/src/routing/not_found_screen.dart
DA:7,18
DA:9,0
DA:11,0
DA:12,0
DA:13,0
DA:14,0
LF:6
LH:1
end_of_record
